<?xml version="1.0" encoding="UTF-8"?>
<testng-results ignored="0" total="1" passed="1" failed="0" skipped="0">
  <reporter-output>
    <line>
      <![CDATA[Name of flight = Go First
Price = ₹ 3,926]]>
    </line>
    <line>
      <![CDATA[Name of flight = AirAsia
Price = ₹ 3,926]]>
    </line>
    <line>
      <![CDATA[Name of flight = AirAsia
Price = ₹ 4,080]]>
    </line>
    <line>
      <![CDATA[Name of flight = AirAsia
Price = ₹ 4,080]]>
    </line>
    <line>
      <![CDATA[Name of flight = Go First
Price = ₹ 4,233]]>
    </line>
    <line>
      <![CDATA[Name of flight = Go First
Price = ₹ 4,233]]>
    </line>
    <line>
      <![CDATA[Name of flight = Go First
Price = ₹ 4,233]]>
    </line>
    <line>
      <![CDATA[Name of flight = SpiceJet
Price = ₹ 4,316]]>
    </line>
    <line>
      <![CDATA[Name of flight = Vistara
Price = ₹ 4,444]]>
    </line>
    <line>
      <![CDATA[Name of flight = Vistara
Price = ₹ 4,444]]>
    </line>
    <line>
      <![CDATA[Name of flight = Vistara
Price = ₹ 4,444]]>
    </line>
    <line>
      <![CDATA[Name of flight = IndiGo
Price = ₹ 4,444]]>
    </line>
    <line>
      <![CDATA[Name of flight = IndiGo
Price = ₹ 4,578]]>
    </line>
    <line>
      <![CDATA[Name of flight = IndiGo
Price = ₹ 5,208]]>
    </line>
    <line>
      <![CDATA[Name of flight = Vistara
Price = ₹ 5,389]]>
    </line>
    <line>
      <![CDATA[Name of flight = SpiceJet
Price = ₹ 5,680]]>
    </line>
    <line>
      <![CDATA[Name of flight = AirAsia
Price = ₹ 5,911]]>
    </line>
    <line>
      <![CDATA[SpiceJet Flight Avialble]]>
    </line>
  </reporter-output>
  <suite started-at="2023-02-07T11:54:03 IST" name="Default suite" finished-at="2023-02-07T11:54:24 IST" duration-ms="20557">
    <groups>
    </groups>
    <test started-at="2023-02-07T11:54:03 IST" name="Default test" finished-at="2023-02-07T11:54:24 IST" duration-ms="20557">
      <class name="makeMyTrip.TestClass">
        <test-method is-config="true" signature="launch_Browser()[pri:0, instance:makeMyTrip.TestClass@60bd273d]" started-at="2023-02-07T11:54:03 IST" name="launch_Browser" finished-at="2023-02-07T11:54:07 IST" duration-ms="4394" status="PASS">
          <reporter-output>
          </reporter-output>
        </test-method> <!-- launch_Browser -->
        <test-method is-config="true" signature="Set_Journey()[pri:0, instance:makeMyTrip.TestClass@60bd273d]" started-at="2023-02-07T11:54:07 IST" name="Set_Journey" finished-at="2023-02-07T11:54:14 IST" duration-ms="6715" status="PASS">
          <reporter-output>
          </reporter-output>
        </test-method> <!-- Set_Journey -->
        <test-method signature="validateResults()[pri:0, instance:makeMyTrip.TestClass@60bd273d]" started-at="2023-02-07T11:54:14 IST" name="validateResults" finished-at="2023-02-07T11:54:24 IST" duration-ms="9418" status="PASS">
          <reporter-output>
            <line>
              <![CDATA[Name of flight = Go First
Price = ₹ 3,926]]>
            </line>
            <line>
              <![CDATA[Name of flight = AirAsia
Price = ₹ 3,926]]>
            </line>
            <line>
              <![CDATA[Name of flight = AirAsia
Price = ₹ 4,080]]>
            </line>
            <line>
              <![CDATA[Name of flight = AirAsia
Price = ₹ 4,080]]>
            </line>
            <line>
              <![CDATA[Name of flight = Go First
Price = ₹ 4,233]]>
            </line>
            <line>
              <![CDATA[Name of flight = Go First
Price = ₹ 4,233]]>
            </line>
            <line>
              <![CDATA[Name of flight = Go First
Price = ₹ 4,233]]>
            </line>
            <line>
              <![CDATA[Name of flight = SpiceJet
Price = ₹ 4,316]]>
            </line>
            <line>
              <![CDATA[Name of flight = Vistara
Price = ₹ 4,444]]>
            </line>
            <line>
              <![CDATA[Name of flight = Vistara
Price = ₹ 4,444]]>
            </line>
            <line>
              <![CDATA[Name of flight = Vistara
Price = ₹ 4,444]]>
            </line>
            <line>
              <![CDATA[Name of flight = IndiGo
Price = ₹ 4,444]]>
            </line>
            <line>
              <![CDATA[Name of flight = IndiGo
Price = ₹ 4,578]]>
            </line>
            <line>
              <![CDATA[Name of flight = IndiGo
Price = ₹ 5,208]]>
            </line>
            <line>
              <![CDATA[Name of flight = Vistara
Price = ₹ 5,389]]>
            </line>
            <line>
              <![CDATA[Name of flight = SpiceJet
Price = ₹ 5,680]]>
            </line>
            <line>
              <![CDATA[Name of flight = AirAsia
Price = ₹ 5,911]]>
            </line>
            <line>
              <![CDATA[SpiceJet Flight Avialble]]>
            </line>
          </reporter-output>
        </test-method> <!-- validateResults -->
      </class> <!-- makeMyTrip.TestClass -->
    </test> <!-- Default test -->
  </suite> <!-- Default suite -->
</testng-results>
